wx/build/outputs/logs/manifest-merger-release-report.txt
-- Merging decision tree log ---
manifest
ADDED from NPJ\wx\AndroidManifest.xml:2:1-186:12
INJECTED from NPJ\wx\AndroidManifest.xml:2:1-186:12
INJECTED from NPJ\wx\AndroidManifest.xml:2:1-186:12
INJECTED from NPJ\wx\AndroidManifest.xml:2:1-186:12
INJECTED from NPJ\wx\AndroidManifest.xml:2:1-186:12
INJECTED from NPJ\wx\AndroidManifest.xml:2:1-186:12
INJECTED from NPJ\wx\AndroidManifest.xml:2:1-186:12
	package
		ADDED from NPJ\wx\AndroidManifest.xml:4:5-38
		INJECTED from NPJ\wx\AndroidManifest.xml
		INJECTED from NPJ\wx\AndroidManifest.xml
	android:versionName
		ADDED from NPJ\wx\AndroidManifest.xml:6:5-30
		INJECTED from NPJ\wx\AndroidManifest.xml
		INJECTED from NPJ\wx\AndroidManifest.xml
	xmlns:tools
		ADDED from NPJ\wx\AndroidManifest.xml:3:5-51
	xmlns:android
		ADDED from NPJ\wx\AndroidManifest.xml:2:11-69
	android:versionCode
		ADDED from NPJ\wx\AndroidManifest.xml:5:5-28
		INJECTED from NPJ\wx\AndroidManifest.xml
		INJECTED from NPJ\wx\AndroidManifest.xml
uses-sdk
ADDED from NPJ\wx\AndroidManifest.xml:8:5-44
INJECTED from NPJ\wx\AndroidManifest.xml:8:5-44
INJECTED from NPJ\wx\AndroidManifest.xml:8:5-44
INJECTED from NPJ\wx\AndroidManifest.xml:8:5-44
INJECTED from NPJ\wx\AndroidManifest.xml:8:5-44
	android:targetSdkVersion
		INJECTED from NPJ\wx\AndroidManifest.xml
		ADDED from NPJ\wx\AndroidManifest.xml:8:5-44
		INJECTED from NPJ\wx\AndroidManifest.xml
	android:minSdkVersion
		ADDED from NPJ\wx\AndroidManifest.xml:8:15-41
		INJECTED from NPJ\wx\AndroidManifest.xml
		INJECTED from NPJ\wx\AndroidManifest.xml
uses-permission#android.permission.WRITE_EXTERNAL_STORAGE
ADDED from NPJ\wx\AndroidManifest.xml:10:5-81
	android:name
		ADDED from NPJ\wx\AndroidManifest.xml:10:22-78
uses-permission#android.permission.READ_EXTERNAL_STORAGE
ADDED from NPJ\wx\AndroidManifest.xml:11:5-80
	android:name
		ADDED from NPJ\wx\AndroidManifest.xml:11:22-77
uses-permission#android.permission.ACCESS_NETWORK_STATE
ADDED from NPJ\wx\AndroidManifest.xml:12:5-79
	android:name
		ADDED from NPJ\wx\AndroidManifest.xml:12:22-76
uses-permission#android.permission.ACCESS_WIFI_STATE
ADDED from NPJ\wx\AndroidManifest.xml:13:5-76
	android:name
		ADDED from NPJ\wx\AndroidManifest.xml:13:22-73
uses-permission#android.permission.READ_PHONE_STATE
ADDED from NPJ\wx\AndroidManifest.xml:14:5-75
	android:name
		ADDED from NPJ\wx\AndroidManifest.xml:14:22-72
uses-permission#android.permission.READ_SETTINGS
ADDED from NPJ\wx\AndroidManifest.xml:15:5-72
	android:name
		ADDED from NPJ\wx\AndroidManifest.xml:15:22-69
uses-permission#android.permission.WRITE_SETTINGS
ADDED from NPJ\wx\AndroidManifest.xml:16:5-73
	android:name
		ADDED from NPJ\wx\AndroidManifest.xml:16:22-70
uses-permission#android.permission.INTERNET
ADDED from NPJ\wx\AndroidManifest.xml:17:5-67
	android:name
		ADDED from NPJ\wx\AndroidManifest.xml:17:22-64
uses-permission#android.permission.GET_TASKS
ADDED from NPJ\wx\AndroidManifest.xml:18:5-68
	android:name
		ADDED from NPJ\wx\AndroidManifest.xml:18:22-65
uses-permission#android.permission.RECORD_AUDIO
ADDED from NPJ\wx\AndroidManifest.xml:19:5-71
	android:name
		ADDED from NPJ\wx\AndroidManifest.xml:19:22-68
uses-permission#android.permission.WAKE_LOCK
ADDED from NPJ\wx\AndroidManifest.xml:20:5-68
	android:name
		ADDED from NPJ\wx\AndroidManifest.xml:20:22-65
uses-permission#android.permission.MODIFY_AUDIO_SETTINGS
ADDED from NPJ\wx\AndroidManifest.xml:21:5-80
	android:name
		ADDED from NPJ\wx\AndroidManifest.xml:21:22-77
uses-permission#android.permission.VIBRATE
ADDED from NPJ\wx\AndroidManifest.xml:22:5-66
	android:name
		ADDED from NPJ\wx\AndroidManifest.xml:22:22-63
uses-permission#android.permission.REQUEST_IGNORE_BATTERY_OPTIMIZATIONS
ADDED from NPJ\wx\AndroidManifest.xml:23:5-95
	android:name
		ADDED from NPJ\wx\AndroidManifest.xml:23:22-92
uses-permission#com.sec.android.provider.badge.permission.READ
ADDED from NPJ\wx\AndroidManifest.xml:28:5-86
	android:name
		ADDED from NPJ\wx\AndroidManifest.xml:28:22-83
uses-permission#com.sec.android.provider.badge.permission.WRITE
ADDED from NPJ\wx\AndroidManifest.xml:29:5-87
	android:name
		ADDED from NPJ\wx\AndroidManifest.xml:29:22-84
uses-permission#com.htc.launcher.permission.READ_SETTINGS
ADDED from NPJ\wx\AndroidManifest.xml:30:5-81
	android:name
		ADDED from NPJ\wx\AndroidManifest.xml:30:22-78
uses-permission#com.htc.launcher.permission.UPDATE_SHORTCUT
ADDED from NPJ\wx\AndroidManifest.xml:31:5-83
	android:name
		ADDED from NPJ\wx\AndroidManifest.xml:31:22-80
uses-permission#com.sonyericsson.home.permission.BROADCAST_BADGE
ADDED from NPJ\wx\AndroidManifest.xml:32:5-88
	android:name
		ADDED from NPJ\wx\AndroidManifest.xml:32:22-85
uses-permission#com.anddoes.launcher.permission.UPDATE_COUNT
ADDED from NPJ\wx\AndroidManifest.xml:33:5-84
	android:name
		ADDED from NPJ\wx\AndroidManifest.xml:33:22-81
uses-permission#com.majeur.launcher.permission.UPDATE_BADGE
ADDED from NPJ\wx\AndroidManifest.xml:34:5-83
	android:name
		ADDED from NPJ\wx\AndroidManifest.xml:34:22-80
uses-permission#com.huawei.android.launcher.permission.READ_SETTINGS
ADDED from NPJ\wx\AndroidManifest.xml:35:5-91
	android:name
		ADDED from NPJ\wx\AndroidManifest.xml:35:22-89
uses-permission#com.huawei.android.launcher.permission.WRITE_SETTINGS
ADDED from NPJ\wx\AndroidManifest.xml:36:5-92
	android:name
		ADDED from NPJ\wx\AndroidManifest.xml:36:22-90
uses-permission#com.huawei.android.launcher.permission.CHANGE_BADGE
ADDED from NPJ\wx\AndroidManifest.xml:37:5-90
	android:name
		ADDED from NPJ\wx\AndroidManifest.xml:37:22-88
application
ADDED from NPJ\wx\AndroidManifest.xml:40:5-184:19
activity#com.alibaba.mobileim.ui.WxChattingActvity
ADDED from NPJ\wx\AndroidManifest.xml:46:9-52:70
	android:screenOrientation
		ADDED from NPJ\wx\AndroidManifest.xml:49:13-49
	android:launchMode
		ADDED from NPJ\wx\AndroidManifest.xml:50:13-43
	android:windowSoftInputMode
		ADDED from NPJ\wx\AndroidManifest.xml:52:13-67
	android:configChanges
		ADDED from NPJ\wx\AndroidManifest.xml:48:13-63
	android:theme
		ADDED from NPJ\wx\AndroidManifest.xml:51:13-69
	android:name
		ADDED from NPJ\wx\AndroidManifest.xml:47:13-69
activity#com.alibaba.mobileim.ui.WxConversationActivity
ADDED from NPJ\wx\AndroidManifest.xml:55:9-60:69
	android:screenOrientation
		ADDED from NPJ\wx\AndroidManifest.xml:58:13-49
	android:launchMode
		ADDED from NPJ\wx\AndroidManifest.xml:59:13-43
	android:configChanges
		ADDED from NPJ\wx\AndroidManifest.xml:57:13-63
	android:theme
		ADDED from NPJ\wx\AndroidManifest.xml:60:13-66
	android:name
		ADDED from NPJ\wx\AndroidManifest.xml:56:13-74
activity#com.alibaba.mobileim.ui.chat.MultiImageActivity
ADDED from NPJ\wx\AndroidManifest.xml:63:10-70:16
	android:screenOrientation
		ADDED from NPJ\wx\AndroidManifest.xml:66:13-47
	android:launchMode
		ADDED from NPJ\wx\AndroidManifest.xml:65:13-43
	android:hardwareAccelerated
		ADDED from NPJ\wx\AndroidManifest.xml:69:14-49
	android:windowSoftInputMode
		ADDED from NPJ\wx\AndroidManifest.xml:68:13-52
	android:theme
		ADDED from NPJ\wx\AndroidManifest.xml:67:13-64
	android:name
		ADDED from NPJ\wx\AndroidManifest.xml:64:13-75
activity#com.alibaba.mobileim.kit.imageviewer.ShowImageActivity
ADDED from NPJ\wx\AndroidManifest.xml:72:9-78:50
	android:screenOrientation
		ADDED from NPJ\wx\AndroidManifest.xml:75:13-49
	android:launchMode
		ADDED from NPJ\wx\AndroidManifest.xml:74:13-43
	android:hardwareAccelerated
		ADDED from NPJ\wx\AndroidManifest.xml:78:13-48
	android:windowSoftInputMode
		ADDED from NPJ\wx\AndroidManifest.xml:77:13-52
	android:theme
		ADDED from NPJ\wx\AndroidManifest.xml:76:13-64
	android:name
		ADDED from NPJ\wx\AndroidManifest.xml:73:13-82
activity#com.alibaba.mobileim.ui.multi.lightservice.MultiPickGalleryActivity
ADDED from NPJ\wx\AndroidManifest.xml:80:9-83:72
	android:screenOrientation
		ADDED from NPJ\wx\AndroidManifest.xml:82:13-49
	android:configChanges
		ADDED from NPJ\wx\AndroidManifest.xml:81:14-64
	android:theme
		ADDED from NPJ\wx\AndroidManifest.xml:83:15-68
	android:name
		ADDED from NPJ\wx\AndroidManifest.xml:80:19-101
activity#com.alibaba.mobileim.ui.FeedbackActvity
ADDED from NPJ\wx\AndroidManifest.xml:86:9-92:70
	android:screenOrientation
		ADDED from NPJ\wx\AndroidManifest.xml:89:13-49
	android:launchMode
		ADDED from NPJ\wx\AndroidManifest.xml:90:13-43
	android:windowSoftInputMode
		ADDED from NPJ\wx\AndroidManifest.xml:92:13-67
	android:configChanges
		ADDED from NPJ\wx\AndroidManifest.xml:88:13-63
	android:theme
		ADDED from NPJ\wx\AndroidManifest.xml:91:13-59
	android:name
		ADDED from NPJ\wx\AndroidManifest.xml:87:13-67
service#com.alibaba.mobileim.appmonitor.tiptool.TooltipService
ADDED from NPJ\wx\AndroidManifest.xml:96:3-98:14
	android:exported
		ADDED from NPJ\wx\AndroidManifest.xml:97:79-103
	android:name
		ADDED from NPJ\wx\AndroidManifest.xml:97:8-77
service#com.alibaba.tcms.service.TCMSService
ADDED from NPJ\wx\AndroidManifest.xml:101:9-105:19
	android:process
		ADDED from NPJ\wx\AndroidManifest.xml:104:13-43
	android:exported
		ADDED from NPJ\wx\AndroidManifest.xml:103:13-36
	android:name
		ADDED from NPJ\wx\AndroidManifest.xml:102:13-64
service#com.alibaba.tcms.service.TCMSService$TCMSKernalService
ADDED from NPJ\wx\AndroidManifest.xml:106:9-109:19
	android:process
		ADDED from NPJ\wx\AndroidManifest.xml:108:13-43
	android:name
		ADDED from NPJ\wx\AndroidManifest.xml:107:13-82
service#com.alibaba.tcms.service.ListenerService
ADDED from NPJ\wx\AndroidManifest.xml:112:9-114:19
	android:exported
		ADDED from NPJ\wx\AndroidManifest.xml:113:69-92
	android:name
		ADDED from NPJ\wx\AndroidManifest.xml:113:13-68
activity#com.alibaba.mobileim.kit.CloudPwdSettingHintActivity
ADDED from NPJ\wx\AndroidManifest.xml:117:9-122:69
	android:screenOrientation
		ADDED from NPJ\wx\AndroidManifest.xml:121:13-49
	android:launchMode
		ADDED from NPJ\wx\AndroidManifest.xml:120:13-43
	android:configChanges
		ADDED from NPJ\wx\AndroidManifest.xml:119:13-63
	android:theme
		ADDED from NPJ\wx\AndroidManifest.xml:122:13-66
	android:name
		ADDED from NPJ\wx\AndroidManifest.xml:118:13-80
activity#com.alibaba.mobileim.login.WaitProgresssActivity
ADDED from NPJ\wx\AndroidManifest.xml:125:9-85
	android:name
		ADDED from NPJ\wx\AndroidManifest.xml:125:19-82
activity#com.alibaba.mobileim.ui.atmessage.AtMsgListActivity
ADDED from NPJ\wx\AndroidManifest.xml:128:9-133:68
	android:screenOrientation
		ADDED from NPJ\wx\AndroidManifest.xml:131:13-49
	android:launchMode
		ADDED from NPJ\wx\AndroidManifest.xml:132:13-44
	android:configChanges
		ADDED from NPJ\wx\AndroidManifest.xml:130:13-63
	android:theme
		ADDED from NPJ\wx\AndroidManifest.xml:133:13-66
	android:name
		ADDED from NPJ\wx\AndroidManifest.xml:129:13-79
activity#com.alibaba.mobileim.ui.atmessage.SendAtMessageDetailActivity
ADDED from NPJ\wx\AndroidManifest.xml:135:9-140:68
	android:screenOrientation
		ADDED from NPJ\wx\AndroidManifest.xml:139:13-49
	android:launchMode
		ADDED from NPJ\wx\AndroidManifest.xml:138:13-44
	android:configChanges
		ADDED from NPJ\wx\AndroidManifest.xml:137:13-63
	android:theme
		ADDED from NPJ\wx\AndroidManifest.xml:140:13-66
	android:name
		ADDED from NPJ\wx\AndroidManifest.xml:136:13-89
activity#com.alibaba.mobileim.kit.chat.SelectTribeMemberActivity
ADDED from NPJ\wx\AndroidManifest.xml:142:9-147:70
	android:screenOrientation
		ADDED from NPJ\wx\AndroidManifest.xml:145:13-49
	android:windowSoftInputMode
		ADDED from NPJ\wx\AndroidManifest.xml:147:13-67
	android:configChanges
		ADDED from NPJ\wx\AndroidManifest.xml:144:13-63
	android:theme
		ADDED from NPJ\wx\AndroidManifest.xml:146:13-66
	android:name
		ADDED from NPJ\wx\AndroidManifest.xml:143:13-83
activity#com.alibaba.mobileim.kit.chat.EnlargeChattingTextActivity
ADDED from NPJ\wx\AndroidManifest.xml:150:9-154:70
	android:windowSoftInputMode
		ADDED from NPJ\wx\AndroidManifest.xml:154:13-67
	android:configChanges
		ADDED from NPJ\wx\AndroidManifest.xml:152:13-63
	android:theme
		ADDED from NPJ\wx\AndroidManifest.xml:153:13-60
	android:name
		ADDED from NPJ\wx\AndroidManifest.xml:151:13-85
activity#com.alibaba.tcms.service.MonitorActivity
ADDED from NPJ\wx\AndroidManifest.xml:156:9-161:64
	android:process
		ADDED from NPJ\wx\AndroidManifest.xml:160:13-43
	android:launchMode
		ADDED from NPJ\wx\AndroidManifest.xml:159:13-48
	android:exported
		ADDED from NPJ\wx\AndroidManifest.xml:158:13-36
	android:theme
		ADDED from NPJ\wx\AndroidManifest.xml:161:13-61
	android:name
		ADDED from NPJ\wx\AndroidManifest.xml:157:13-68
activity#com.alibaba.mobileim.kit.video.IMPlayVideoDetailActivity
ADDED from NPJ\wx\AndroidManifest.xml:163:9-182:20
	android:screenOrientation
		ADDED from NPJ\wx\AndroidManifest.xml:166:13-49
	android:configChanges
		ADDED from NPJ\wx\AndroidManifest.xml:165:13-63
	android:theme
		ADDED from NPJ\wx\AndroidManifest.xml:167:13-60
	android:name
		ADDED from NPJ\wx\AndroidManifest.xml:164:13-84
intent-filter#action:name:android.intent.action.VIEW+category:name:android.intent.category.BROWSABLE+category:name:android.intent.category.DEFAULT+data:host:svideo.m.taobao.com+data:host:svideo.m.taobao.com+data:path:/av/implayer.html+data:path:/av/implayer.html+data:path:/av/implayer.html+data:scheme:http+data:scheme:https
ADDED from NPJ\wx\AndroidManifest.xml:168:13-181:29
action#android.intent.action.VIEW
ADDED from NPJ\wx\AndroidManifest.xml:169:17-69
	android:name
		ADDED from NPJ\wx\AndroidManifest.xml:169:25-66
category#android.intent.category.DEFAULT
ADDED from NPJ\wx\AndroidManifest.xml:170:17-76
	android:name
		ADDED from NPJ\wx\AndroidManifest.xml:170:27-73
category#android.intent.category.BROWSABLE
ADDED from NPJ\wx\AndroidManifest.xml:171:17-78
	android:name
		ADDED from NPJ\wx\AndroidManifest.xml:171:27-75
data
ADDED from NPJ\wx\AndroidManifest.xml:172:17-175:45
	android:path
		ADDED from NPJ\wx\AndroidManifest.xml:174:21-53
	android:host
		ADDED from NPJ\wx\AndroidManifest.xml:173:21-55
	android:scheme
		ADDED from NPJ\wx\AndroidManifest.xml:175:21-42